{"D:\\personal\\react-week-picker\\react-week-picker\\src\\lib\\index.tsx": {"path":"D:\\personal\\react-week-picker\\react-week-picker\\src\\lib\\index.tsx","statementMap":{"0":{"start":{"line":1,"column":0},"end":{"line":1,"column":9}},"1":{"start":{"line":3,"column":9},"end":{"line":1,"column":34}}},"fnMap":{"0":{"name":"(anonymous_0)","decl":{"start":{"line":3,"column":9},"end":{"line":3,"column":15}},"loc":{"start":{"line":3,"column":9},"end":{"line":1,"column":34}}}},"branchMap":{},"s":{"0":0,"1":0},"f":{"0":0},"b":{}}
,"D:\\personal\\react-week-picker\\react-week-picker\\src\\lib\\Button\\index.tsx": {"path":"D:\\personal\\react-week-picker\\react-week-picker\\src\\lib\\Button\\index.tsx","statementMap":{"0":{"start":{"line":1,"column":0},"end":{"line":1,"column":26}},"1":{"start":{"line":9,"column":22},"end":{"line":13,"column":1}},"2":{"start":{"line":10,"column":4},"end":{"line":12,"column":null}},"3":{"start":{"line":9,"column":13},"end":{"line":9,"column":22}}},"fnMap":{"0":{"name":"(anonymous_0)","decl":{"start":{"line":9,"column":22},"end":{"line":9,"column":23}},"loc":{"start":{"line":9,"column":47},"end":{"line":13,"column":1}}}},"branchMap":{"0":{"loc":{"start":{"line":10,"column":91},"end":{"line":10,"column":139}},"type":"cond-expr","locations":[{"start":{"line":10,"column":110},"end":{"line":10,"column":127}},{"start":{"line":10,"column":130},"end":{"line":10,"column":139}}]}},"s":{"0":0,"1":0,"2":0,"3":0},"f":{"0":0},"b":{"0":[0,0]}}
}
